[[[{"Plan": {"Node Type": "Limit", "Parallel Aware": false, "Startup Cost": 90568.95, "Total Cost": 90568.98, "Plan Rows": 10, "Plan Width": 44, "Actual Startup Time": 1579.424, "Actual Total Time": 1579.426, "Actual Rows": 10, "Actual Loops": 1, "Output": ["lineitem.l_orderkey", "(sum((lineitem.l_extendedprice * ('1'::numeric - lineitem.l_discount))))", "orders.o_orderdate", "orders.o_shippriority"], "Shared Hit Blocks": 14687, "Shared Read Blocks": 26802, "Shared Dirtied Blocks": 0, "Shared Written Blocks": 0, "Local Hit Blocks": 0, "Local Read Blocks": 0, "Local Dirtied Blocks": 0, "Local Written Blocks": 0, "Temp Read Blocks": 1491, "Temp Written Blocks": 1489, "Plans": [{"Node Type": "Sort", "Parent Relationship": "Outer", "Parallel Aware": false, "Startup Cost": 90568.95, "Total Cost": 90707.16, "Plan Rows": 55282, "Plan Width": 44, "Actual Startup Time": 1579.419, "Actual Total Time": 1579.42, "Actual Rows": 10, "Actual Loops": 1, "Output": ["lineitem.l_orderkey", "(sum((lineitem.l_extendedprice * ('1'::numeric - lineitem.l_discount))))", "orders.o_orderdate", "orders.o_shippriority"], "Sort Key": ["(sum((lineitem.l_extendedprice * ('1'::numeric - lineitem.l_discount)))) DESC", "orders.o_orderdate"], "Sort Method": "top-N heapsort", "Sort Space Used": 25, "Sort Space Type": "Memory", "Shared Hit Blocks": 14687, "Shared Read Blocks": 26802, "Shared Dirtied Blocks": 0, "Shared Written Blocks": 0, "Local Hit Blocks": 0, "Local Read Blocks": 0, "Local Dirtied Blocks": 0, "Local Written Blocks": 0, "Temp Read Blocks": 1491, "Temp Written Blocks": 1489, "Plans": [{"Node Type": "Aggregate", "Strategy": "Sorted", "Partial Mode": "Simple", "Parent Relationship": "Outer", "Parallel Aware": false, "Startup Cost": 87715.87, "Total Cost": 89374.33, "Plan Rows": 55282, "Plan Width": 44, "Actual Startup Time": 1572.504, "Actual Total Time": 1578.612, "Actual Rows": 1989, "Actual Loops": 1, "Output": ["lineitem.l_orderkey", "sum((lineitem.l_extendedprice * ('1'::numeric - lineitem.l_discount)))", "orders.o_orderdate", "orders.o_shippriority"], "Group Key": ["lineitem.l_orderkey", "orders.o_orderdate", "orders.o_shippriority"], "Shared Hit Blocks": 14681, "Shared Read Blocks": 26802, "Shared Dirtied Blocks": 0, "Shared Written Blocks": 0, "Local Hit Blocks": 0, "Local Read Blocks": 0, "Local Dirtied Blocks": 0, "Local Written Blocks": 0, "Temp Read Blocks": 1491, "Temp Written Blocks": 1489, "Plans": [{"Node Type": "Sort", "Parent Relationship": "Outer", "Parallel Aware": false, "Startup Cost": 87715.87, "Total Cost": 87854.07, "Plan Rows": 55282, "Plan Width": 24, "Actual Startup Time": 1572.442, "Actual Total Time": 1573.042, "Actual Rows": 5288, "Actual Loops": 1, "Output": ["lineitem.l_orderkey", "orders.o_orderdate", "orders.o_shippriority", "lineitem.l_extendedprice", "lineitem.l_discount"], "Sort Key": ["lineitem.l_orderkey", "orders.o_orderdate", "orders.o_shippriority"], "Sort Method": "quicksort", "Sort Space Used": 606, "Sort Space Type": "Memory", "Shared Hit Blocks": 14681, "Shared Read Blocks": 26802, "Shared Dirtied Blocks": 0, "Shared Written Blocks": 0, "Local Hit Blocks": 0, "Local Read Blocks": 0, "Local Dirtied Blocks": 0, "Local Written Blocks": 0, "Temp Read Blocks": 1491, "Temp Written Blocks": 1489, "Plans": [{"Node Type": "Hash Join", "Parent Relationship": "Outer", "Parallel Aware": false, "Join Type": "Inner", "Startup Cost": 41919.29, "Total Cost": 83361.16, "Plan Rows": 55282, "Plan Width": 24, "Actual Startup Time": 755.973, "Actual Total Time": 1567.667, "Actual Rows": 5288, "Actual Loops": 1, "Output": ["lineitem.l_orderkey", "orders.o_orderdate", "orders.o_shippriority", "lineitem.l_extendedprice", "lineitem.l_discount"], "Hash Cond": "(lineitem.l_orderkey = orders.o_orderkey)", "Shared Hit Blocks": 14678, "Shared Read Blocks": 26802, "Shared Dirtied Blocks": 0, "Shared Written Blocks": 0, "Local Hit Blocks": 0, "Local Read Blocks": 0, "Local Dirtied Blocks": 0, "Local Written Blocks": 0, "Temp Read Blocks": 1491, "Temp Written Blocks": 1489, "Plans": [{"Node Type": "Seq Scan", "Parent Relationship": "Outer", "Parallel Aware": false, "Relation Name": "lineitem", "Schema": "public", "Alias": "lineitem", "Startup Cost": 0.0, "Total Cost": 32764.2, "Plan Rows": 563961, "Plan Width": 16, "Actual Startup Time": 0.04, "Actual Total Time": 545.555, "Actual Rows": 563043, "Actual Loops": 1, "Output": ["lineitem.l_orderkey", "lineitem.l_extendedprice", "lineitem.l_discount"], "Filter": "(lineitem.l_shipdate > '1995-03-21'::date)", "Rows Removed by Filter": 485533, "Shared Hit Blocks": 7876, "Shared Read Blocks": 11781, "Shared Dirtied Blocks": 0, "Shared Written Blocks": 0, "Local Hit Blocks": 0, "Local Read Blocks": 0, "Local Dirtied Blocks": 0, "Local Written Blocks": 0, "Temp Read Blocks": 0, "Temp Written Blocks": 0}, {"Node Type": "Hash", "Parent Relationship": "Inner", "Parallel Aware": false, "Startup Cost": 40132.46, "Total Cost": 40132.46, "Plan Rows": 102786, "Plan Width": 12, "Actual Startup Time": 753.421, "Actual Total Time": 753.421, "Actual Rows": 102091, "Actual Loops": 1, "Output": ["orders.o_orderdate", "orders.o_shippriority", "orders.o_orderkey"], "Hash Buckets": 131072, "Original Hash Buckets": 131072, "Hash Batches": 2, "Original Hash Batches": 2, "Peak Memory Usage": 3221, "Shared Hit Blocks": 6802, "Shared Read Blocks": 15021, "Shared Dirtied Blocks": 0, "Shared Written Blocks": 0, "Local Hit Blocks": 0, "Local Read Blocks": 0, "Local Dirtied Blocks": 0, "Local Written Blocks": 0, "Temp Read Blocks": 0, "Temp Written Blocks": 199, "Plans": [{"Node Type": "Hash Join", "Parent Relationship": "Outer", "Parallel Aware": false, "Join Type": "Inner", "Startup Cost": 5833.69, "Total Cost": 40132.46, "Plan Rows": 102786, "Plan Width": 12, "Actual Startup Time": 78.171, "Actual Total Time": 704.423, "Actual Rows": 102091, "Actual Loops": 1, "Output": ["orders.o_orderdate", "orders.o_shippriority", "orders.o_orderkey"], "Hash Cond": "(orders.o_custkey = customer.c_custkey)", "Shared Hit Blocks": 6802, "Shared Read Blocks": 15021, "Shared Dirtied Blocks": 0, "Shared Written Blocks": 0, "Local Hit Blocks": 0, "Local Read Blocks": 0, "Local Dirtied Blocks": 0, "Local Written Blocks": 0, "Temp Read Blocks": 0, "Temp Written Blocks": 0, "Plans": [{"Node Type": "Seq Scan", "Parent Relationship": "Outer", "Parallel Aware": false, "Relation Name": "orders", "Schema": "public", "Alias": "orders", "Startup Cost": 0.0, "Total Cost": 31347.2, "Plan Rows": 512991, "Plan Width": 16, "Actual Startup Time": 0.028, "Actual Total Time": 443.817, "Actual Rows": 510862, "Actual Loops": 1, "Output": ["orders.o_orderkey", "orders.o_custkey", "orders.o_orderstatus", "orders.o_totalprice", "orders.o_orderdate", "orders.o_orderpriority", "orders.o_clerk", "orders.o_shippriority", "orders.o_comment"], "Filter": "(orders.o_orderdate < '1995-03-21'::date)", "Rows Removed by Filter": 537714, "Shared Hit Blocks": 3219, "Shared Read Blocks": 15021, "Shared Dirtied Blocks": 0, "Shared Written Blocks": 0, "Local Hit Blocks": 0, "Local Read Blocks": 0, "Local Dirtied Blocks": 0, "Local Written Blocks": 0, "Temp Read Blocks": 0, "Temp Written Blocks": 0}, {"Node Type": "Hash", "Parent Relationship": "Inner", "Parallel Aware": false, "Startup Cost": 5458.0, "Total Cost": 5458.0, "Plan Rows": 30055, "Plan Width": 4, "Actual Startup Time": 77.915, "Actual Total Time": 77.915, "Actual Rows": 30189, "Actual Loops": 1, "Output": ["customer.c_custkey"], "Hash Buckets": 32768, "Original Hash Buckets": 32768, "Hash Batches": 1, "Original Hash Batches": 1, "Peak Memory Usage": 1318, "Shared Hit Blocks": 3583, "Shared Read Blocks": 0, "Shared Dirtied Blocks": 0, "Shared Written Blocks": 0, "Local Hit Blocks": 0, "Local Read Blocks": 0, "Local Dirtied Blocks": 0, "Local Written Blocks": 0, "Temp Read Blocks": 0, "Temp Written Blocks": 0, "Plans": [{"Node Type": "Seq Scan", "Parent Relationship": "Outer", "Parallel Aware": false, "Relation Name": "customer", "Schema": "public", "Alias": "customer", "Startup Cost": 0.0, "Total Cost": 5458.0, "Plan Rows": 30055, "Plan Width": 4, "Actual Startup Time": 0.023, "Actual Total Time": 69.441, "Actual Rows": 30189, "Actual Loops": 1, "Output": ["customer.c_custkey"], "Filter": "(customer.c_mktsegment = 'HOUSEHOLD'::bpchar)", "Rows Removed by Filter": 119811, "Shared Hit Blocks": 3583, "Shared Read Blocks": 0, "Shared Dirtied Blocks": 0, "Shared Written Blocks": 0, "Local Hit Blocks": 0, "Local Read Blocks": 0, "Local Dirtied Blocks": 0, "Local Written Blocks": 0, "Temp Read Blocks": 0, "Temp Written Blocks": 0}]}]}]}]}]}]}]}]}, "Planning Time": 8.179, "Triggers": [], "Execution Time": 1580.55}]]]